app/build/intermediates/manifest_merge_blame_file/debug/manifest-merger-blame-debug-report.txt
1<?xml version="1.0" encoding="utf-8"?>
2<manifest xmlns:android="http://schemas.android.com/apk/res/android"
3    package="com.aisc.ngalo"
4    android:versionCode="1"
5    android:versionName="1.0" >
6
7    <uses-sdk
8        android:minSdkVersion="21"
8-->src/main/AndroidManifest.xml
9        android:targetSdkVersion="33" />
9-->src/main/AndroidManifest.xml
10
11    <uses-permission android:name="android.permission.ACCESS_COARSE_LOCATION" />
11-->src/main/AndroidManifest.xml:4:5-81
11-->src/main/AndroidManifest.xml:4:22-78
12    <uses-permission android:name="android.permission.ACCESS_FINE_LOCATION" />
12-->src/main/AndroidManifest.xml:5:5-79
12-->src/main/AndroidManifest.xml:5:22-76
13    <uses-permission android:name="android.permission.POST_NOTIFICATIONS" />
13-->src/main/AndroidManifest.xml:6:5-77
13-->src/main/AndroidManifest.xml:6:22-74
14    <uses-permission android:name="android.permission.FOREGROUND_SERVICE" />
14-->src/main/AndroidManifest.xml:7:5-77
14-->src/main/AndroidManifest.xml:7:22-74
15    <uses-permission android:name="android.permission.ACCESS_WIFI_STATE" />
15-->[com.google.android.libraries.places:places:3.0.0] AndroidManifest.xml:11:5-76
15-->[com.google.android.libraries.places:places:3.0.0] AndroidManifest.xml:11:22-73
16    <uses-permission android:name="android.permission.INTERNET" /> <!-- Include required permissions for Google Maps API to run. -->
16-->[com.google.android.libraries.places:places:3.0.0] AndroidManifest.xml:12:5-67
16-->[com.google.android.libraries.places:places:3.0.0] AndroidManifest.xml:12:22-64
17    <uses-permission android:name="android.permission.ACCESS_NETWORK_STATE" />
17-->[com.google.android.gms:play-services-maps:18.1.0] AndroidManifest.xml:23:5-79
17-->[com.google.android.gms:play-services-maps:18.1.0] AndroidManifest.xml:23:22-76
18
19    <uses-feature
19-->[com.google.android.gms:play-services-maps:18.1.0] AndroidManifest.xml:26:5-28:35
20        android:glEsVersion="0x00020000"
20-->[com.google.android.gms:play-services-maps:18.1.0] AndroidManifest.xml:27:9-41
21        android:required="true" />
21-->[com.google.android.gms:play-services-maps:18.1.0] AndroidManifest.xml:28:9-32
22
23    <queries>
23-->[com.google.android.gms:play-services-maps:18.1.0] AndroidManifest.xml:30:5-34:15
24
25        <!-- Needs to be explicitly declared on Android R+ -->
26        <package android:name="com.google.android.apps.maps" />
26-->[com.google.android.gms:play-services-maps:18.1.0] AndroidManifest.xml:33:9-64
26-->[com.google.android.gms:play-services-maps:18.1.0] AndroidManifest.xml:33:18-61
27    </queries>
28
29    <uses-permission android:name="android.permission.WAKE_LOCK" />
29-->[com.google.android.gms:play-services-measurement-api:21.2.0] AndroidManifest.xml:24:5-68
29-->[com.google.android.gms:play-services-measurement-api:21.2.0] AndroidManifest.xml:24:22-65
30    <uses-permission android:name="com.google.android.gms.permission.AD_ID" />
30-->[com.google.android.gms:play-services-measurement-api:21.2.0] AndroidManifest.xml:25:5-79
30-->[com.google.android.gms:play-services-measurement-api:21.2.0] AndroidManifest.xml:25:22-76
31    <uses-permission android:name="com.google.android.finsky.permission.BIND_GET_INSTALL_REFERRER_SERVICE" />
31-->[com.google.android.gms:play-services-measurement:21.2.0] AndroidManifest.xml:26:5-110
31-->[com.google.android.gms:play-services-measurement:21.2.0] AndroidManifest.xml:26:22-107
32
33    <permission
33-->[androidx.core:core:1.9.0] AndroidManifest.xml:22:5-24:47
34        android:name="com.aisc.ngalo.DYNAMIC_RECEIVER_NOT_EXPORTED_PERMISSION"
34-->[androidx.core:core:1.9.0] AndroidManifest.xml:23:9-81
35        android:protectionLevel="signature" />
35-->[androidx.core:core:1.9.0] AndroidManifest.xml:24:9-44
36
37    <uses-permission android:name="com.aisc.ngalo.DYNAMIC_RECEIVER_NOT_EXPORTED_PERMISSION" />
37-->[androidx.core:core:1.9.0] AndroidManifest.xml:26:5-97
37-->[androidx.core:core:1.9.0] AndroidManifest.xml:26:22-94
38
39    <application
39-->src/main/AndroidManifest.xml:9:5-159:19
40        android:allowBackup="true"
40-->src/main/AndroidManifest.xml:10:9-35
41        android:appComponentFactory="androidx.core.app.CoreComponentFactory"
41-->[androidx.core:core:1.9.0] AndroidManifest.xml:28:18-86
42        android:debuggable="true"
43        android:icon="@mipmap/ngalo_logo"
43-->src/main/AndroidManifest.xml:11:9-42
44        android:label="@string/app_name"
44-->src/main/AndroidManifest.xml:12:9-41
45        android:roundIcon="@mipmap/ngalo_logo"
45-->src/main/AndroidManifest.xml:13:9-47
46        android:supportsRtl="true"
46-->src/main/AndroidManifest.xml:14:9-35
47        android:testOnly="true"
48        android:theme="@style/Theme.Ngalo.NoActionBar" >
48-->src/main/AndroidManifest.xml:15:9-55
49        <activity
49-->src/main/AndroidManifest.xml:16:9-20:62
50            android:name="com.aisc.ngalo.cart.CartActivity"
50-->src/main/AndroidManifest.xml:17:13-46
51            android:exported="false"
51-->src/main/AndroidManifest.xml:18:13-37
52            android:label="@string/title_activity_cart"
52-->src/main/AndroidManifest.xml:19:13-56
53            android:theme="@style/Theme.Ngalo.NoActionBar" />
53-->src/main/AndroidManifest.xml:20:13-59
54        <activity
54-->src/main/AndroidManifest.xml:21:9-23:40
55            android:name="com.aisc.ngalo.SocialMediaActivity"
55-->src/main/AndroidManifest.xml:22:13-48
56            android:exported="false" />
56-->src/main/AndroidManifest.xml:23:13-37
57        <activity
57-->src/main/AndroidManifest.xml:24:9-26:40
58            android:name="com.aisc.ngalo.usersorders.UserOrderDetails"
58-->src/main/AndroidManifest.xml:25:13-57
59            android:exported="false" />
59-->src/main/AndroidManifest.xml:26:13-37
60        <activity
60-->src/main/AndroidManifest.xml:27:9-29:40
61            android:name="com.aisc.ngalo.usersorders.UsersOrders"
61-->src/main/AndroidManifest.xml:28:13-52
62            android:exported="false" />
62-->src/main/AndroidManifest.xml:29:13-37
63        <activity
63-->src/main/AndroidManifest.xml:30:9-32:40
64            android:name="com.aisc.ngalo.completed.CompletedActivity"
64-->src/main/AndroidManifest.xml:31:13-56
65            android:exported="false" />
65-->src/main/AndroidManifest.xml:32:13-37
66        <activity
66-->src/main/AndroidManifest.xml:33:9-37:62
67            android:name="com.aisc.ngalo.admin.AdminPanel"
67-->src/main/AndroidManifest.xml:34:13-45
68            android:exported="false"
68-->src/main/AndroidManifest.xml:35:13-37
69            android:label="@string/title_activity_admin_panel"
69-->src/main/AndroidManifest.xml:36:13-63
70            android:theme="@style/Theme.Ngalo.NoActionBar" />
70-->src/main/AndroidManifest.xml:37:13-59
71        <activity
71-->src/main/AndroidManifest.xml:38:9-42:62
72            android:name="com.aisc.ngalo.orders.OrderDetails"
72-->src/main/AndroidManifest.xml:39:13-48
73            android:exported="false"
73-->src/main/AndroidManifest.xml:40:13-37
74            android:label="Order Details"
74-->src/main/AndroidManifest.xml:41:13-42
75            android:theme="@style/Theme.Ngalo.NoActionBar" />
75-->src/main/AndroidManifest.xml:42:13-59
76        <activity
76-->src/main/AndroidManifest.xml:43:9-47:62
77            android:name="com.aisc.ngalo.orders.OrdersActivity"
77-->src/main/AndroidManifest.xml:44:13-50
78            android:exported="false"
78-->src/main/AndroidManifest.xml:45:13-37
79            android:label="@string/title_activity_orders"
79-->src/main/AndroidManifest.xml:46:13-58
80            android:theme="@style/Theme.Ngalo.NoActionBar" />
80-->src/main/AndroidManifest.xml:47:13-59
81        <activity
81-->src/main/AndroidManifest.xml:48:9-52:62
82            android:name="com.aisc.ngalo.admin.AdminHomePage"
82-->src/main/AndroidManifest.xml:49:13-48
83            android:exported="false"
83-->src/main/AndroidManifest.xml:50:13-37
84            android:label="@string/title_activity_admin_ouser"
84-->src/main/AndroidManifest.xml:51:13-63
85            android:theme="@style/Theme.Ngalo.NoActionBar" />
85-->src/main/AndroidManifest.xml:52:13-59
86        <activity
86-->src/main/AndroidManifest.xml:53:9-57:62
87            android:name="com.aisc.ngalo.SignUp"
87-->src/main/AndroidManifest.xml:54:13-35
88            android:exported="false"
88-->src/main/AndroidManifest.xml:55:13-37
89            android:label="@string/title_activity_admin_home_page"
89-->src/main/AndroidManifest.xml:56:13-67
90            android:theme="@style/Theme.Ngalo.NoActionBar" />
90-->src/main/AndroidManifest.xml:57:13-59
91        <!--
92             TODO: Before you run your application, you need a Google Maps API key.
93
94             To get one, follow the directions here:
95
96                https://developers.google.com/maps/documentation/android-sdk/get-api-key
97
98             Once you have your API key (it starts with "AIza"), define a new property in your
99             project's local.properties file (e.g. MAPS_API_KEY=Aiza...), and replace the
100             "YOUR_API_KEY" string in this file with "${MAPS_API_KEY}".
101        -->
102        <meta-data
102-->src/main/AndroidManifest.xml:69:9-71:71
103            android:name="com.google.android.geo.API_KEY"
103-->src/main/AndroidManifest.xml:70:13-58
104            android:value="AIzaSyAJBlxp2SUfwdh5GMfGP19Q_aetYtKybgs" />
104-->src/main/AndroidManifest.xml:71:13-68
105
106        <activity
106-->src/main/AndroidManifest.xml:73:9-76:66
107            android:name="com.aisc.ngalo.BikeRepair"
107-->src/main/AndroidManifest.xml:74:13-39
108            android:exported="false"
108-->src/main/AndroidManifest.xml:75:13-37
109            android:label="@string/title_activity_bike_repair" />
109-->src/main/AndroidManifest.xml:76:13-63
110        <activity
110-->src/main/AndroidManifest.xml:77:9-79:40
111            android:name="com.aisc.ngalo.UserProfile"
111-->src/main/AndroidManifest.xml:78:13-40
112            android:exported="false" />
112-->src/main/AndroidManifest.xml:79:13-37
113        <activity
113-->src/main/AndroidManifest.xml:80:9-82:40
114            android:name="com.aisc.ngalo.MyAccount"
114-->src/main/AndroidManifest.xml:81:13-38
115            android:exported="false" />
115-->src/main/AndroidManifest.xml:82:13-37
116        <activity
116-->src/main/AndroidManifest.xml:83:9-85:40
117            android:name="com.aisc.ngalo.admin.AddBicyclePart"
117-->src/main/AndroidManifest.xml:84:13-49
118            android:exported="false" />
118-->src/main/AndroidManifest.xml:85:13-37
119        <activity
119-->src/main/AndroidManifest.xml:86:9-90:62
120            android:name="com.aisc.ngalo.admin.UploadItems"
120-->src/main/AndroidManifest.xml:87:13-46
121            android:exported="false"
121-->src/main/AndroidManifest.xml:88:13-37
122            android:label="@string/title_activity_upload_items"
122-->src/main/AndroidManifest.xml:89:13-64
123            android:theme="@style/Theme.Ngalo.NoActionBar" />
123-->src/main/AndroidManifest.xml:90:13-59
124        <activity
124-->src/main/AndroidManifest.xml:91:9-93:40
125            android:name="com.aisc.ngalo.HomeActivity"
125-->src/main/AndroidManifest.xml:92:13-41
126            android:exported="false" />
126-->src/main/AndroidManifest.xml:93:13-37
127        <activity
127-->src/main/AndroidManifest.xml:94:9-96:40
128            android:name="com.aisc.ngalo.SettingsActivity"
128-->src/main/AndroidManifest.xml:95:13-45
129            android:exported="false" />
129-->src/main/AndroidManifest.xml:96:13-37
130        <activity
130-->src/main/AndroidManifest.xml:97:9-99:40
131            android:name="com.aisc.ngalo.admin.CreateAdvert"
131-->src/main/AndroidManifest.xml:98:13-47
132            android:exported="false" />
132-->src/main/AndroidManifest.xml:99:13-37
133        <activity
133-->src/main/AndroidManifest.xml:100:9-104:62
134            android:name="com.aisc.ngalo.BikesScreen"
134-->src/main/AndroidManifest.xml:101:13-40
135            android:exported="false"
135-->src/main/AndroidManifest.xml:102:13-37
136            android:label="@string/title_activity_bikes_options"
136-->src/main/AndroidManifest.xml:103:13-65
137            android:theme="@style/Theme.Ngalo.NoActionBar" />
137-->src/main/AndroidManifest.xml:104:13-59
138        <activity
138-->src/main/AndroidManifest.xml:105:9-107:40
139            android:name="com.aisc.ngalo.BikeDetails"
139-->src/main/AndroidManifest.xml:106:13-40
140            android:exported="false" />
140-->src/main/AndroidManifest.xml:107:13-37
141        <activity
141-->src/main/AndroidManifest.xml:108:9-110:40
142            android:name="com.aisc.ngalo.MainActivity"
142-->src/main/AndroidManifest.xml:109:13-41
143            android:exported="false" />
143-->src/main/AndroidManifest.xml:110:13-37
144        <activity
144-->src/main/AndroidManifest.xml:111:9-113:40
145            android:name="com.aisc.ngalo.admin.UploadBikeImages"
145-->src/main/AndroidManifest.xml:112:13-51
146            android:exported="false" />
146-->src/main/AndroidManifest.xml:113:13-37
147        <activity
147-->src/main/AndroidManifest.xml:114:9-121:20
148            android:name="com.aisc.ngalo.BikesOptions"
148-->src/main/AndroidManifest.xml:115:13-41
149            android:exported="false"
149-->src/main/AndroidManifest.xml:116:13-37
150            android:theme="@style/Theme.Ngalo.NoActionBar" >
150-->src/main/AndroidManifest.xml:117:13-59
151            <meta-data
151-->src/main/AndroidManifest.xml:118:13-120:36
152                android:name="android.app.lib_name"
152-->src/main/AndroidManifest.xml:119:17-52
153                android:value="" />
153-->src/main/AndroidManifest.xml:120:17-33
154        </activity>
155        <activity
155-->src/main/AndroidManifest.xml:122:9-130:20
156            android:name="com.aisc.ngalo.ui.BikeHireScreen"
156-->src/main/AndroidManifest.xml:123:13-46
157            android:exported="false"
157-->src/main/AndroidManifest.xml:124:13-37
158            android:label="@string/title_activity_bike_hire_screen"
158-->src/main/AndroidManifest.xml:125:13-68
159            android:theme="@style/Theme.Ngalo" >
159-->src/main/AndroidManifest.xml:126:13-47
160            <meta-data
160-->src/main/AndroidManifest.xml:118:13-120:36
161                android:name="android.app.lib_name"
161-->src/main/AndroidManifest.xml:119:17-52
162                android:value="" />
162-->src/main/AndroidManifest.xml:120:17-33
163        </activity>
164        <activity
164-->src/main/AndroidManifest.xml:131:9-144:20
165            android:name="com.aisc.ngalo.AdminOUser"
165-->src/main/AndroidManifest.xml:132:13-39
166            android:exported="true"
166-->src/main/AndroidManifest.xml:133:13-36
167            android:theme="@style/Theme.AppCompat.NoActionBar" >
167-->src/main/AndroidManifest.xml:134:13-63
168            <intent-filter>
168-->src/main/AndroidManifest.xml:135:13-139:29
169                <action android:name="android.intent.action.MAIN" />
169-->src/main/AndroidManifest.xml:136:17-69
169-->src/main/AndroidManifest.xml:136:25-66
170
171                <category android:name="android.intent.category.LAUNCHER" />
171-->src/main/AndroidManifest.xml:138:17-77
171-->src/main/AndroidManifest.xml:138:27-74
172            </intent-filter>
173
174            <meta-data
174-->src/main/AndroidManifest.xml:118:13-120:36
175                android:name="android.app.lib_name"
175-->src/main/AndroidManifest.xml:119:17-52
176                android:value="" />
176-->src/main/AndroidManifest.xml:120:17-33
177        </activity>
178        <activity
178-->src/main/AndroidManifest.xml:145:9-149:54
179            android:name="com.aisc.ngalo.SplashScreen"
179-->src/main/AndroidManifest.xml:146:13-41
180            android:exported="false"
180-->src/main/AndroidManifest.xml:147:13-37
181            android:label="@string/main_screen"
181-->src/main/AndroidManifest.xml:148:13-48
182            android:theme="@style/Theme.AppCompat" />
182-->src/main/AndroidManifest.xml:149:13-51
183        <activity
183-->src/main/AndroidManifest.xml:150:9-154:50
184            android:name="com.aisc.ngalo.models.BikeHireModel"
184-->src/main/AndroidManifest.xml:151:13-49
185            android:exported="false"
185-->src/main/AndroidManifest.xml:152:13-37
186            android:label="@string/title_activity_hire_bike"
186-->src/main/AndroidManifest.xml:153:13-61
187            android:theme="@style/Theme.Ngalo" />
187-->src/main/AndroidManifest.xml:154:13-47
188        <activity
188-->src/main/AndroidManifest.xml:155:9-158:72
189            android:name="com.yalantis.ucrop.UCropActivity"
189-->src/main/AndroidManifest.xml:156:13-60
190            android:screenOrientation="portrait"
190-->src/main/AndroidManifest.xml:157:13-49
191            android:theme="@style/Theme.AppCompat.Light.NoActionBar" />
191-->src/main/AndroidManifest.xml:158:13-69
192
193        <service
193-->[com.google.firebase:firebase-analytics-ktx:21.2.0] AndroidManifest.xml:8:9-14:19
194            android:name="com.google.firebase.components.ComponentDiscoveryService"
194-->[com.google.firebase:firebase-analytics-ktx:21.2.0] AndroidManifest.xml:9:13-84
195            android:directBootAware="true"
195-->[com.google.firebase:firebase-common:20.2.0] AndroidManifest.xml:34:13-43
196            android:exported="false" >
196-->[com.google.firebase:firebase-analytics-ktx:21.2.0] AndroidManifest.xml:10:13-37
197            <meta-data
197-->[com.google.firebase:firebase-analytics-ktx:21.2.0] AndroidManifest.xml:11:13-13:85
198                android:name="com.google.firebase.components:com.google.firebase.analytics.ktx.FirebaseAnalyticsKtxRegistrar"
198-->[com.google.firebase:firebase-analytics-ktx:21.2.0] AndroidManifest.xml:12:17-126
199                android:value="com.google.firebase.components.ComponentRegistrar" />
199-->[com.google.firebase:firebase-analytics-ktx:21.2.0] AndroidManifest.xml:13:17-82
200            <meta-data
200-->[com.google.firebase:firebase-auth-ktx:21.1.0] AndroidManifest.xml:11:13-13:85
201                android:name="com.google.firebase.components:com.google.firebase.auth.ktx.FirebaseAuthKtxRegistrar"
201-->[com.google.firebase:firebase-auth-ktx:21.1.0] AndroidManifest.xml:12:17-116
202                android:value="com.google.firebase.components.ComponentRegistrar" />
202-->[com.google.firebase:firebase-auth-ktx:21.1.0] AndroidManifest.xml:13:17-82
203            <meta-data
203-->[com.google.firebase:firebase-database-ktx:20.1.0] AndroidManifest.xml:14:13-16:85
204                android:name="com.google.firebase.components:com.google.firebase.database.ktx.FirebaseDatabaseKtxRegistrar"
204-->[com.google.firebase:firebase-database-ktx:20.1.0] AndroidManifest.xml:15:17-124
205                android:value="com.google.firebase.components.ComponentRegistrar" />
205-->[com.google.firebase:firebase-database-ktx:20.1.0] AndroidManifest.xml:16:17-82
206            <meta-data
206-->[com.google.firebase:firebase-storage-ktx:20.1.0] AndroidManifest.xml:14:13-16:85
207                android:name="com.google.firebase.components:com.google.firebase.storage.ktx.FirebaseStorageKtxRegistrar"
207-->[com.google.firebase:firebase-storage-ktx:20.1.0] AndroidManifest.xml:15:17-122
208                android:value="com.google.firebase.components.ComponentRegistrar" />
208-->[com.google.firebase:firebase-storage-ktx:20.1.0] AndroidManifest.xml:16:17-82
209            <meta-data
209-->[com.google.firebase:firebase-common-ktx:20.2.0] AndroidManifest.xml:14:13-16:85
210                android:name="com.google.firebase.components:com.google.firebase.ktx.FirebaseCommonKtxRegistrar"
210-->[com.google.firebase:firebase-common-ktx:20.2.0] AndroidManifest.xml:15:17-113
211                android:value="com.google.firebase.components.ComponentRegistrar" />
211-->[com.google.firebase:firebase-common-ktx:20.2.0] AndroidManifest.xml:16:17-82
212            <meta-data
212-->[com.google.firebase:firebase-database:20.1.0] AndroidManifest.xml:31:13-33:85
213                android:name="com.google.firebase.components:com.google.firebase.database.DatabaseRegistrar"
213-->[com.google.firebase:firebase-database:20.1.0] AndroidManifest.xml:32:17-109
214                android:value="com.google.firebase.components.ComponentRegistrar" />
214-->[com.google.firebase:firebase-database:20.1.0] AndroidManifest.xml:33:17-82
215            <meta-data
215-->[com.google.firebase:firebase-storage:20.1.0] AndroidManifest.xml:32:13-34:85
216                android:name="com.google.firebase.components:com.google.firebase.storage.StorageRegistrar"
216-->[com.google.firebase:firebase-storage:20.1.0] AndroidManifest.xml:33:17-107
217                android:value="com.google.firebase.components.ComponentRegistrar" />
217-->[com.google.firebase:firebase-storage:20.1.0] AndroidManifest.xml:34:17-82
218            <meta-data
218-->[com.google.firebase:firebase-auth:21.1.0] AndroidManifest.xml:67:13-69:85
219                android:name="com.google.firebase.components:com.google.firebase.auth.FirebaseAuthRegistrar"
219-->[com.google.firebase:firebase-auth:21.1.0] AndroidManifest.xml:68:17-109
220                android:value="com.google.firebase.components.ComponentRegistrar" />
220-->[com.google.firebase:firebase-auth:21.1.0] AndroidManifest.xml:69:17-82
221            <meta-data
221-->[com.google.android.gms:play-services-measurement-api:21.2.0] AndroidManifest.xml:31:13-33:85
222                android:name="com.google.firebase.components:com.google.firebase.analytics.connector.internal.AnalyticsConnectorRegistrar"
222-->[com.google.android.gms:play-services-measurement-api:21.2.0] AndroidManifest.xml:32:17-139
223                android:value="com.google.firebase.components.ComponentRegistrar" />
223-->[com.google.android.gms:play-services-measurement-api:21.2.0] AndroidManifest.xml:33:17-82
224            <meta-data
224-->[com.google.firebase:firebase-installations:17.0.1] AndroidManifest.xml:18:13-20:85
225                android:name="com.google.firebase.components:com.google.firebase.installations.FirebaseInstallationsRegistrar"
225-->[com.google.firebase:firebase-installations:17.0.1] AndroidManifest.xml:19:17-127
226                android:value="com.google.firebase.components.ComponentRegistrar" />
226-->[com.google.firebase:firebase-installations:17.0.1] AndroidManifest.xml:20:17-82
227        </service>
228
229        <activity
229-->[androidx.compose.ui:ui-tooling:1.3.1] AndroidManifest.xml:23:9-25:39
230            android:name="androidx.compose.ui.tooling.PreviewActivity"
230-->[androidx.compose.ui:ui-tooling:1.3.1] AndroidManifest.xml:24:13-71
231            android:exported="true" />
231-->[androidx.compose.ui:ui-tooling:1.3.1] AndroidManifest.xml:25:13-36
232        <activity
232-->[com.google.android.libraries.places:places:3.0.0] AndroidManifest.xml:15:9-21:20
233            android:name="com.google.android.libraries.places.widget.AutocompleteActivity"
233-->[com.google.android.libraries.places:places:3.0.0] AndroidManifest.xml:16:13-91
234            android:exported="false"
234-->[com.google.android.libraries.places:places:3.0.0] AndroidManifest.xml:17:13-37
235            android:label="@string/places_autocomplete_label"
235-->[com.google.android.libraries.places:places:3.0.0] AndroidManifest.xml:18:13-62
236            android:theme="@style/PlacesAutocompleteOverlay"
236-->[com.google.android.libraries.places:places:3.0.0] AndroidManifest.xml:19:13-61
237            android:windowSoftInputMode="adjustResize" >
237-->[com.google.android.libraries.places:places:3.0.0] AndroidManifest.xml:20:13-55
238        </activity> <!-- Needs to be explicitly declared on P+ -->
239        <uses-library
239-->[com.google.android.gms:play-services-maps:18.1.0] AndroidManifest.xml:39:9-41:40
240            android:name="org.apache.http.legacy"
240-->[com.google.android.gms:play-services-maps:18.1.0] AndroidManifest.xml:40:13-50
241            android:required="false" />
241-->[com.google.android.gms:play-services-maps:18.1.0] AndroidManifest.xml:41:13-37
242
243        <activity
243-->[com.google.android.gms:play-services-auth:20.4.0] AndroidManifest.xml:23:9-27:75
244            android:name="com.google.android.gms.auth.api.signin.internal.SignInHubActivity"
244-->[com.google.android.gms:play-services-auth:20.4.0] AndroidManifest.xml:24:13-93
245            android:excludeFromRecents="true"
245-->[com.google.android.gms:play-services-auth:20.4.0] AndroidManifest.xml:25:13-46
246            android:exported="false"
246-->[com.google.android.gms:play-services-auth:20.4.0] AndroidManifest.xml:26:13-37
247            android:theme="@android:style/Theme.Translucent.NoTitleBar" />
247-->[com.google.android.gms:play-services-auth:20.4.0] AndroidManifest.xml:27:13-72
248        <!--
249            Service handling Google Sign-In user revocation. For apps that do not integrate with
250            Google Sign-In, this service will never be started.
251        -->
252        <service
252-->[com.google.android.gms:play-services-auth:20.4.0] AndroidManifest.xml:33:9-37:51
253            android:name="com.google.android.gms.auth.api.signin.RevocationBoundService"
253-->[com.google.android.gms:play-services-auth:20.4.0] AndroidManifest.xml:34:13-89
254            android:exported="true"
254-->[com.google.android.gms:play-services-auth:20.4.0] AndroidManifest.xml:35:13-36
255            android:permission="com.google.android.gms.auth.api.signin.permission.REVOCATION_NOTIFICATION"
255-->[com.google.android.gms:play-services-auth:20.4.0] AndroidManifest.xml:36:13-107
256            android:visibleToInstantApps="true" />
256-->[com.google.android.gms:play-services-auth:20.4.0] AndroidManifest.xml:37:13-48
257
258        <activity
258-->[com.google.firebase:firebase-auth:21.1.0] AndroidManifest.xml:27:9-44:20
259            android:name="com.google.firebase.auth.internal.GenericIdpActivity"
259-->[com.google.firebase:firebase-auth:21.1.0] AndroidManifest.xml:28:13-80
260            android:excludeFromRecents="true"
260-->[com.google.firebase:firebase-auth:21.1.0] AndroidManifest.xml:29:13-46
261            android:exported="true"
261-->[com.google.firebase:firebase-auth:21.1.0] AndroidManifest.xml:30:13-36
262            android:launchMode="singleTask"
262-->[com.google.firebase:firebase-auth:21.1.0] AndroidManifest.xml:31:13-44
263            android:theme="@android:style/Theme.Translucent.NoTitleBar" >
263-->[com.google.firebase:firebase-auth:21.1.0] AndroidManifest.xml:32:13-72
264            <intent-filter>
264-->[com.google.firebase:firebase-auth:21.1.0] AndroidManifest.xml:33:13-43:29
265                <action android:name="android.intent.action.VIEW" />
265-->[com.google.firebase:firebase-auth:21.1.0] AndroidManifest.xml:34:17-69
265-->[com.google.firebase:firebase-auth:21.1.0] AndroidManifest.xml:34:25-66
266
267                <category android:name="android.intent.category.DEFAULT" />
267-->[com.google.firebase:firebase-auth:21.1.0] AndroidManifest.xml:36:17-76
267-->[com.google.firebase:firebase-auth:21.1.0] AndroidManifest.xml:36:27-73
268                <category android:name="android.intent.category.BROWSABLE" />
268-->[com.google.firebase:firebase-auth:21.1.0] AndroidManifest.xml:37:17-78
268-->[com.google.firebase:firebase-auth:21.1.0] AndroidManifest.xml:37:27-75
269
270                <data
270-->[com.google.firebase:firebase-auth:21.1.0] AndroidManifest.xml:39:17-42:51
271                    android:host="firebase.auth"
271-->[com.google.firebase:firebase-auth:21.1.0] AndroidManifest.xml:40:21-49
272                    android:path="/"
272-->[com.google.firebase:firebase-auth:21.1.0] AndroidManifest.xml:41:21-37
273                    android:scheme="genericidp" />
273-->[com.google.firebase:firebase-auth:21.1.0] AndroidManifest.xml:42:21-48
274            </intent-filter>
275        </activity>
276        <activity
276-->[com.google.firebase:firebase-auth:21.1.0] AndroidManifest.xml:45:9-62:20
277            android:name="com.google.firebase.auth.internal.RecaptchaActivity"
277-->[com.google.firebase:firebase-auth:21.1.0] AndroidManifest.xml:46:13-79
278            android:excludeFromRecents="true"
278-->[com.google.firebase:firebase-auth:21.1.0] AndroidManifest.xml:47:13-46
279            android:exported="true"
279-->[com.google.firebase:firebase-auth:21.1.0] AndroidManifest.xml:48:13-36
280            android:launchMode="singleTask"
280-->[com.google.firebase:firebase-auth:21.1.0] AndroidManifest.xml:49:13-44
281            android:theme="@android:style/Theme.Translucent.NoTitleBar" >
281-->[com.google.firebase:firebase-auth:21.1.0] AndroidManifest.xml:50:13-72
282            <intent-filter>
282-->[com.google.firebase:firebase-auth:21.1.0] AndroidManifest.xml:51:13-61:29
283                <action android:name="android.intent.action.VIEW" />
283-->[com.google.firebase:firebase-auth:21.1.0] AndroidManifest.xml:34:17-69
283-->[com.google.firebase:firebase-auth:21.1.0] AndroidManifest.xml:34:25-66
284
285                <category android:name="android.intent.category.DEFAULT" />
285-->[com.google.firebase:firebase-auth:21.1.0] AndroidManifest.xml:36:17-76
285-->[com.google.firebase:firebase-auth:21.1.0] AndroidManifest.xml:36:27-73
286                <category android:name="android.intent.category.BROWSABLE" />
286-->[com.google.firebase:firebase-auth:21.1.0] AndroidManifest.xml:37:17-78
286-->[com.google.firebase:firebase-auth:21.1.0] AndroidManifest.xml:37:27-75
287
288                <data
288-->[com.google.firebase:firebase-auth:21.1.0] AndroidManifest.xml:39:17-42:51
289                    android:host="firebase.auth"
289-->[com.google.firebase:firebase-auth:21.1.0] AndroidManifest.xml:40:21-49
290                    android:path="/"
290-->[com.google.firebase:firebase-auth:21.1.0] AndroidManifest.xml:41:21-37
291                    android:scheme="recaptcha" />